<?xml version="1.0" encoding="UTF-8"?>
<!-- Generated by org.testng.reporters.JUnitReportReporter -->
<testsuite hostname="LAPTOP-VK2E1059" failures="0" tests="1" name="testCases.TC_001_AccountRegistration" time="4.260" errors="0" timestamp="2022-06-30T14:13:41 IST" skipped="0">
  <testcase classname="testCases.TC_001_AccountRegistration" name="test_account_registration" time="4.260"/>
  <system-out/>
</testsuite> <!-- testCases.TC_001_AccountRegistration -->
