<?xml version="1.0" encoding="UTF-8"?>
<!-- Generated by org.testng.reporters.JUnitReportReporter -->
<testsuite skipped="0" hostname="LAPTOP-VK2E1059" name="testCases.TC_002_Login" tests="1" failures="0" timestamp="2022-06-30T16:48:44 IST" time="2.737" errors="0">
  <testcase name="test_login" time="2.737" classname="testCases.TC_002_Login"/>
  <system-out/>
</testsuite> <!-- testCases.TC_002_Login -->
