<?xml version="1.0" encoding="UTF-8"?>
<!-- Generated by org.testng.reporters.JUnitReportReporter -->
<testsuite skipped="0" hostname="LAPTOP-VK2E1059" name="testCases.TC_001_AccountRegistration" tests="1" failures="0" timestamp="2022-06-30T16:48:44 IST" time="5.076" errors="0">
  <testcase name="test_account_registration" time="5.076" classname="testCases.TC_001_AccountRegistration"/>
  <system-out/>
</testsuite> <!-- testCases.TC_001_AccountRegistration -->
